<?xml version="1.0" encoding="UTF-8"?>
<testsuites>
  <testsuite name="" tests="31" assertions="46" errors="0" warnings="0" failures="0" skipped="0" time="0.043829">
    <testsuite name="Project Test Suite" tests="31" assertions="46" errors="0" warnings="0" failures="0" skipped="0" time="0.043829">
      <testsuite name="App\Cards\CardGraphicTest" file="/home/mobn/dbwebb-kurser/mvc/me/report/tests/Cards/CardGraphicTest.php" tests="6" assertions="9" errors="0" warnings="0" failures="0" skipped="0" time="0.022141">
        <testcase name="testCreateCardGraphic" class="App\Cards\CardGraphicTest" classname="App.Cards.CardGraphicTest" file="/home/mobn/dbwebb-kurser/mvc/me/report/tests/Cards/CardGraphicTest.php" line="16" assertions="2" time="0.008201"/>
        <testcase name="testGetAllCardsAsString" class="App\Cards\CardGraphicTest" classname="App.Cards.CardGraphicTest" file="/home/mobn/dbwebb-kurser/mvc/me/report/tests/Cards/CardGraphicTest.php" line="25" assertions="1" time="0.000261"/>
        <testcase name="testRoll" class="App\Cards\CardGraphicTest" classname="App.Cards.CardGraphicTest" file="/home/mobn/dbwebb-kurser/mvc/me/report/tests/Cards/CardGraphicTest.php" line="32" assertions="1" time="0.001153"/>
        <testcase name="testRandomCard" class="App\Cards\CardGraphicTest" classname="App.Cards.CardGraphicTest" file="/home/mobn/dbwebb-kurser/mvc/me/report/tests/Cards/CardGraphicTest.php" line="40" assertions="3" time="0.012046"/>
        <testcase name="testCardsArrayCount" class="App\Cards\CardGraphicTest" classname="App.Cards.CardGraphicTest" file="/home/mobn/dbwebb-kurser/mvc/me/report/tests/Cards/CardGraphicTest.php" line="58" assertions="1" time="0.000235"/>
        <testcase name="testChosenCards" class="App\Cards\CardGraphicTest" classname="App.Cards.CardGraphicTest" file="/home/mobn/dbwebb-kurser/mvc/me/report/tests/Cards/CardGraphicTest.php" line="66" assertions="1" time="0.000246"/>
      </testsuite>
      <testsuite name="App\Cards\CardHandTest" file="/home/mobn/dbwebb-kurser/mvc/me/report/tests/Cards/CardHandTest.php" tests="5" assertions="5" errors="0" warnings="0" failures="0" skipped="0" time="0.003114">
        <testcase name="testAddStubbedCards" class="App\Cards\CardHandTest" classname="App.Cards.CardHandTest" file="/home/mobn/dbwebb-kurser/mvc/me/report/tests/Cards/CardHandTest.php" line="15" assertions="1" time="0.001693"/>
        <testcase name="testGetAllValues" class="App\Cards\CardHandTest" classname="App.Cards.CardHandTest" file="/home/mobn/dbwebb-kurser/mvc/me/report/tests/Cards/CardHandTest.php" line="31" assertions="1" time="0.000393"/>
        <testcase name="testGetValues" class="App\Cards\CardHandTest" classname="App.Cards.CardHandTest" file="/home/mobn/dbwebb-kurser/mvc/me/report/tests/Cards/CardHandTest.php" line="43" assertions="1" time="0.000351"/>
        <testcase name="testGetString" class="App\Cards\CardHandTest" classname="App.Cards.CardHandTest" file="/home/mobn/dbwebb-kurser/mvc/me/report/tests/Cards/CardHandTest.php" line="55" assertions="1" time="0.000344"/>
        <testcase name="testGetNumberCards" class="App\Cards\CardHandTest" classname="App.Cards.CardHandTest" file="/home/mobn/dbwebb-kurser/mvc/me/report/tests/Cards/CardHandTest.php" line="67" assertions="1" time="0.000332"/>
      </testsuite>
      <testsuite name="App\Cards\CardTest" file="/home/mobn/dbwebb-kurser/mvc/me/report/tests/Cards/CardTest.php" tests="4" assertions="6" errors="0" warnings="0" failures="0" skipped="0" time="0.000845">
        <testcase name="testCreateCard" class="App\Cards\CardTest" classname="App.Cards.CardTest" file="/home/mobn/dbwebb-kurser/mvc/me/report/tests/Cards/CardTest.php" line="16" assertions="3" time="0.000240"/>
        <testcase name="testSetValueAndGetValue" class="App\Cards\CardTest" classname="App.Cards.CardTest" file="/home/mobn/dbwebb-kurser/mvc/me/report/tests/Cards/CardTest.php" line="32" assertions="1" time="0.000204"/>
        <testcase name="testGetAsString" class="App\Cards\CardTest" classname="App.Cards.CardTest" file="/home/mobn/dbwebb-kurser/mvc/me/report/tests/Cards/CardTest.php" line="44" assertions="1" time="0.000202"/>
        <testcase name="testGetAllCardsAsString" class="App\Cards\CardTest" classname="App.Cards.CardTest" file="/home/mobn/dbwebb-kurser/mvc/me/report/tests/Cards/CardTest.php" line="56" assertions="1" time="0.000200"/>
      </testsuite>
      <testsuite name="App\Cards\GameTest" file="/home/mobn/dbwebb-kurser/mvc/me/report/tests/Cards/GameTest.php" tests="2" assertions="2" errors="0" warnings="0" failures="0" skipped="0" time="0.001942">
        <testcase name="testDrawCard" class="App\Cards\GameTest" classname="App.Cards.GameTest" file="/home/mobn/dbwebb-kurser/mvc/me/report/tests/Cards/GameTest.php" line="12" assertions="1" time="0.001712">
          <system-out>🃘</system-out>
        </testcase>
        <testcase name="testCalculateHandValue" class="App\Cards\GameTest" classname="App.Cards.GameTest" file="/home/mobn/dbwebb-kurser/mvc/me/report/tests/Cards/GameTest.php" line="27" assertions="1" time="0.000231"/>
      </testsuite>
      <testsuite name="App\Cards\PlayerTest" file="/home/mobn/dbwebb-kurser/mvc/me/report/tests/Cards/PlayerTest.php" tests="3" assertions="4" errors="0" warnings="0" failures="0" skipped="0" time="0.001569">
        <testcase name="testConstructorAndGetters" class="App\Cards\PlayerTest" classname="App.Cards.PlayerTest" file="/home/mobn/dbwebb-kurser/mvc/me/report/tests/Cards/PlayerTest.php" line="15" assertions="2" time="0.001095"/>
        <testcase name="testSetBet" class="App\Cards\PlayerTest" classname="App.Cards.PlayerTest" file="/home/mobn/dbwebb-kurser/mvc/me/report/tests/Cards/PlayerTest.php" line="29" assertions="1" time="0.000224"/>
        <testcase name="testToArray" class="App\Cards\PlayerTest" classname="App.Cards.PlayerTest" file="/home/mobn/dbwebb-kurser/mvc/me/report/tests/Cards/PlayerTest.php" line="44" assertions="1" time="0.000249"/>
      </testsuite>
      <testsuite name="App\Dice\DiceGraphicTest" file="/home/mobn/dbwebb-kurser/mvc/me/report/tests/Dice/DiceGraphicTest.php" tests="2" assertions="2" errors="0" warnings="0" failures="0" skipped="0" time="0.002233">
        <testcase name="testInheritance" class="App\Dice\DiceGraphicTest" classname="App.Dice.DiceGraphicTest" file="/home/mobn/dbwebb-kurser/mvc/me/report/tests/Dice/DiceGraphicTest.php" line="15" assertions="1" time="0.001999"/>
        <testcase name="testGetAsString" class="App\Dice\DiceGraphicTest" classname="App.Dice.DiceGraphicTest" file="/home/mobn/dbwebb-kurser/mvc/me/report/tests/Dice/DiceGraphicTest.php" line="24" assertions="1" time="0.000234"/>
      </testsuite>
      <testsuite name="App\Dice\DiceHandTest" file="/home/mobn/dbwebb-kurser/mvc/me/report/tests/Dice/DiceHandTest.php" tests="5" assertions="8" errors="0" warnings="0" failures="0" skipped="0" time="0.003364">
        <testcase name="testAddStubbedDices" class="App\Dice\DiceHandTest" classname="App.Dice.DiceHandTest" file="/home/mobn/dbwebb-kurser/mvc/me/report/tests/Dice/DiceHandTest.php" line="15" assertions="1" time="0.001429"/>
        <testcase name="testRollReturn" class="App\Dice\DiceHandTest" classname="App.Dice.DiceHandTest" file="/home/mobn/dbwebb-kurser/mvc/me/report/tests/Dice/DiceHandTest.php" line="37" assertions="2" time="0.000688"/>
        <testcase name="testGetNumberDices" class="App\Dice\DiceHandTest" classname="App.Dice.DiceHandTest" file="/home/mobn/dbwebb-kurser/mvc/me/report/tests/Dice/DiceHandTest.php" line="51" assertions="1" time="0.000219"/>
        <testcase name="testGetValues" class="App\Dice\DiceHandTest" classname="App.Dice.DiceHandTest" file="/home/mobn/dbwebb-kurser/mvc/me/report/tests/Dice/DiceHandTest.php" line="64" assertions="2" time="0.000776"/>
        <testcase name="testGetAllValues" class="App\Dice\DiceHandTest" classname="App.Dice.DiceHandTest" file="/home/mobn/dbwebb-kurser/mvc/me/report/tests/Dice/DiceHandTest.php" line="81" assertions="2" time="0.000252"/>
      </testsuite>
      <testsuite name="App\Dice\DiceTest" file="/home/mobn/dbwebb-kurser/mvc/me/report/tests/Dice/DiceTest.php" tests="3" assertions="8" errors="0" warnings="0" failures="0" skipped="0" time="0.001889">
        <testcase name="testCreateDice" class="App\Dice\DiceTest" classname="App.Dice.DiceTest" file="/home/mobn/dbwebb-kurser/mvc/me/report/tests/Dice/DiceTest.php" line="16" assertions="2" time="0.000232"/>
        <testcase name="testStubRollDiceLastRoll" class="App\Dice\DiceTest" classname="App.Dice.DiceTest" file="/home/mobn/dbwebb-kurser/mvc/me/report/tests/Dice/DiceTest.php" line="28" assertions="1" time="0.000352"/>
        <testcase name="testRoll" class="App\Dice\DiceTest" classname="App.Dice.DiceTest" file="/home/mobn/dbwebb-kurser/mvc/me/report/tests/Dice/DiceTest.php" line="45" assertions="5" time="0.001304"/>
      </testsuite>
      <testsuite name="App\Dice\BookRepositoryTest" file="/home/mobn/dbwebb-kurser/mvc/me/report/tests/repositories/BookRepositoryTest.php" tests="1" assertions="2" errors="0" warnings="0" failures="0" skipped="0" time="0.006731">
        <testcase name="testGetMaxId" class="App\Dice\BookRepositoryTest" classname="App.Dice.BookRepositoryTest" file="/home/mobn/dbwebb-kurser/mvc/me/report/tests/repositories/BookRepositoryTest.php" line="17" assertions="2" time="0.006731"/>
      </testsuite>
    </testsuite>
  </testsuite>
</testsuites>
